# JRE version: Java(TM) SE Runtime Environment (8.0_181-b13) (build 1.8.0_181-b13)
# Java VM: Java HotSpot(TM) 64-Bit Server VM (25.181-b13 mixed mode bsd-amd64 compressed oops)
Heap:
 PSYoungGen      total 661504K, used 307564K [0x0000000795580000, 0x00000007bfc80000, 0x00000007c0000000)
  eden space 630784K, 48% used [0x0000000795580000,0x00000007a7f2a338,0x00000007bbd80000)
  from space 30720K, 8% used [0x00000007bbd80000,0x00000007bc030f90,0x00000007bdb80000)
  to   space 29184K, 0% used [0x00000007be000000,0x00000007be000000,0x00000007bfc80000)
 ParOldGen       total 347648K, used 200765K [0x0000000740000000, 0x0000000755380000, 0x0000000795580000)
  object space 347648K, 57% used [0x0000000740000000,0x000000074c40f7c0,0x0000000755380000)
 Metaspace       used 47577K, capacity 50498K, committed 50688K, reserved 1091584K
  class space    used 7378K, capacity 7922K, committed 7936K, reserved 1048576K
GC Heap History (10 events):
Event: 136.669 GC heap before
{Heap before GC invocations=60 (full 5):
 PSYoungGen      total 654848K, used 617144K [0x0000000795580000, 0x00000007bfa80000, 0x00000007c0000000)
  eden space 616448K, 99% used [0x0000000795580000,0x00000007baf013b8,0x00000007baf80000)
  from space 38400K, 3% used [0x00000007bd500000,0x00000007bd62d040,0x00000007bfa80000)
  to   space 38400K, 0% used [0x00000007baf80000,0x00000007baf80000,0x00000007bd500000)
 ParOldGen       total 347648K, used 200619K [0x0000000740000000, 0x0000000755380000, 0x0000000795580000)
  object space 347648K, 57% used [0x0000000740000000,0x000000074c3eac50,0x0000000755380000)
 Metaspace       used 47460K, capacity 50368K, committed 50432K, reserved 1091584K
  class space    used 7367K, capacity 7921K, committed 7936K, reserved 1048576K
Event: 136.671 GC heap after
Heap after GC invocations=60 (full 5):
 PSYoungGen      total 654848K, used 2030K [0x0000000795580000, 0x00000007bfc00000, 0x00000007c0000000)
  eden space 616448K, 0% used [0x0000000795580000,0x0000000795580000,0x00000007baf80000)
  from space 38400K, 5% used [0x00000007baf80000,0x00000007bb17b920,0x00000007bd500000)
  to   space 36352K, 0% used [0x00000007bd880000,0x00000007bd880000,0x00000007bfc00000)
 ParOldGen       total 347648K, used 200661K [0x0000000740000000, 0x0000000755380000, 0x0000000795580000)
  object space 347648K, 57% used [0x0000000740000000,0x000000074c3f57c0,0x0000000755380000)
 Metaspace       used 47460K, capacity 50368K, committed 50432K, reserved 1091584K
  class space    used 7367K, capacity 7921K, committed 7936K, reserved 1048576K
}
Event: 136.731 GC heap before
{Heap before GC invocations=61 (full 5):
 PSYoungGen      total 654848K, used 618414K [0x0000000795580000, 0x00000007bfc00000, 0x00000007c0000000)
  eden space 616448K, 99% used [0x0000000795580000,0x00000007baf70108,0x00000007baf80000)
  from space 38400K, 5% used [0x00000007baf80000,0x00000007bb17b920,0x00000007bd500000)
  to   space 36352K, 0% used [0x00000007bd880000,0x00000007bd880000,0x00000007bfc00000)
 ParOldGen       total 347648K, used 200661K [0x0000000740000000, 0x0000000755380000, 0x0000000795580000)
  object space 347648K, 57% used [0x0000000740000000,0x000000074c3f57c0,0x0000000755380000)
 Metaspace       used 47460K, capacity 50368K, committed 50432K, reserved 1091584K
  class space    used 7367K, capacity 7921K, committed 7936K, reserved 1048576K
Event: 136.733 GC heap after
Heap after GC invocations=61 (full 5):
 PSYoungGen      total 658944K, used 1537K [0x0000000795580000, 0x00000007bfb00000, 0x00000007c0000000)
  eden space 623616K, 0% used [0x0000000795580000,0x0000000795580000,0x00000007bb680000)
  from space 35328K, 4% used [0x00000007bd880000,0x00000007bda00560,0x00000007bfb00000)
  to   space 34816K, 0% used [0x00000007bb680000,0x00000007bb680000,0x00000007bd880000)
 ParOldGen       total 347648K, used 200693K [0x0000000740000000, 0x0000000755380000, 0x0000000795580000)
  object space 347648K, 57% used [0x0000000740000000,0x000000074c3fd7c0,0x0000000755380000)
 Metaspace       used 47460K, capacity 50368K, committed 50432K, reserved 1091584K
  class space    used 7367K, capacity 7921K, committed 7936K, reserved 1048576K
}
Event: 136.794 GC heap before
{Heap before GC invocations=62 (full 5):
 PSYoungGen      total 658944K, used 623912K [0x0000000795580000, 0x00000007bfb00000, 0x00000007c0000000)
  eden space 623616K, 99% used [0x0000000795580000,0x00000007bb549c58,0x00000007bb680000)
  from space 35328K, 4% used [0x00000007bd880000,0x00000007bda00560,0x00000007bfb00000)
  to   space 34816K, 0% used [0x00000007bb680000,0x00000007bb680000,0x00000007bd880000)
 ParOldGen       total 347648K, used 200693K [0x0000000740000000, 0x0000000755380000, 0x0000000795580000)
  object space 347648K, 57% used [0x0000000740000000,0x000000074c3fd7c0,0x0000000755380000)
 Metaspace       used 47460K, capacity 50368K, committed 50432K, reserved 1091584K
  class space    used 7367K, capacity 7921K, committed 7936K, reserved 1048576K
Event: 136.796 GC heap after
Heap after GC invocations=62 (full 5):
 PSYoungGen      total 658432K, used 1634K [0x0000000795580000, 0x00000007bfb80000, 0x00000007c0000000)
  eden space 623616K, 0% used [0x0000000795580000,0x0000000795580000,0x00000007bb680000)
  from space 34816K, 4% used [0x00000007bb680000,0x00000007bb818980,0x00000007bd880000)
  to   space 32768K, 0% used [0x00000007bdb80000,0x00000007bdb80000,0x00000007bfb80000)
 ParOldGen       total 347648K, used 200717K [0x0000000740000000, 0x0000000755380000, 0x0000000795580000)
  object space 347648K, 57% used [0x0000000740000000,0x000000074c4037c0,0x0000000755380000)
 Metaspace       used 47460K, capacity 50368K, committed 50432K, reserved 1091584K
  class space    used 7367K, capacity 7921K, committed 7936K, reserved 1048576K
}
Event: 136.855 GC heap before
{Heap before GC invocations=63 (full 5):
 PSYoungGen      total 658432K, used 625041K [0x0000000795580000, 0x00000007bfb80000, 0x00000007c0000000)
  eden space 623616K, 99% used [0x0000000795580000,0x00000007bb64bd80,0x00000007bb680000)
  from space 34816K, 4% used [0x00000007bb680000,0x00000007bb818980,0x00000007bd880000)
  to   space 32768K, 0% used [0x00000007bdb80000,0x00000007bdb80000,0x00000007bfb80000)
 ParOldGen       total 347648K, used 200717K [0x0000000740000000, 0x0000000755380000, 0x0000000795580000)
  object space 347648K, 57% used [0x0000000740000000,0x000000074c4037c0,0x0000000755380000)
 Metaspace       used 47460K, capacity 50368K, committed 50432K, reserved 1091584K
  class space    used 7367K, capacity 7921K, committed 7936K, reserved 1048576K
Event: 136.858 GC heap after
Heap after GC invocations=63 (full 5):
 PSYoungGen      total 662016K, used 2586K [0x0000000795580000, 0x00000007bfa00000, 0x00000007c0000000)
  eden space 630784K, 0% used [0x0000000795580000,0x0000000795580000,0x00000007bbd80000)
  from space 31232K, 8% used [0x00000007bdb80000,0x00000007bde06ab8,0x00000007bfa00000)
  to   space 30720K, 0% used [0x00000007bbd80000,0x00000007bbd80000,0x00000007bdb80000)
 ParOldGen       total 347648K, used 200741K [0x0000000740000000, 0x0000000755380000, 0x0000000795580000)
  object space 347648K, 57% used [0x0000000740000000,0x000000074c4097c0,0x0000000755380000)
 Metaspace       used 47460K, capacity 50368K, committed 50432K, reserved 1091584K
  class space    used 7367K, capacity 7921K, committed 7936K, reserved 1048576K
}
Event: 136.920 GC heap before
{Heap before GC invocations=64 (full 5):
 PSYoungGen      total 662016K, used 632590K [0x0000000795580000, 0x00000007bfa00000, 0x00000007c0000000)
  eden space 630784K, 99% used [0x0000000795580000,0x00000007bbcbd058,0x00000007bbd80000)
  from space 31232K, 8% used [0x00000007bdb80000,0x00000007bde06ab8,0x00000007bfa00000)
  to   space 30720K, 0% used [0x00000007bbd80000,0x00000007bbd80000,0x00000007bdb80000)
 ParOldGen       total 347648K, used 200741K [0x0000000740000000, 0x0000000755380000, 0x0000000795580000)
  object space 347648K, 57% used [0x0000000740000000,0x000000074c4097c0,0x0000000755380000)
 Metaspace       used 47460K, capacity 50368K, committed 50432K, reserved 1091584K
  class space    used 7367K, capacity 7921K, committed 7936K, reserved 1048576K
Event: 136.922 GC heap after
Heap after GC invocations=64 (full 5):
 PSYoungGen      total 661504K, used 2755K [0x0000000795580000, 0x00000007bfc80000, 0x00000007c0000000)
  eden space 630784K, 0% used [0x0000000795580000,0x0000000795580000,0x00000007bbd80000)
  from space 30720K, 8% used [0x00000007bbd80000,0x00000007bc030f90,0x00000007bdb80000)
  to   space 29184K, 0% used [0x00000007be000000,0x00000007be000000,0x00000007bfc80000)
 ParOldGen       total 347648K, used 200765K [0x0000000740000000, 0x0000000755380000, 0x0000000795580000)
  object space 347648K, 57% used [0x0000000740000000,0x000000074c40f7c0,0x0000000755380000)
 Metaspace       used 47460K, capacity 50368K, committed 50432K, reserved 1091584K
  class space    used 7367K, capacity 7921K, committed 7936K, reserved 1048576K
}

