# JRE version: Java(TM) SE Runtime Environment (8.0_181-b13) (build 1.8.0_181-b13)
# Java VM: Java HotSpot(TM) 64-Bit Server VM (25.181-b13 mixed mode bsd-amd64 compressed oops)
Heap:
 PSYoungGen      total 641536K, used 105459K [0x0000000795580000, 0x00000007bfa00000, 0x00000007c0000000)
  eden space 592896K, 17% used [0x0000000795580000,0x000000079bb7b280,0x00000007b9880000)
  from space 48640K, 2% used [0x00000007b9880000,0x00000007b9981a50,0x00000007bc800000)
  to   space 45568K, 0% used [0x00000007bcd80000,0x00000007bcd80000,0x00000007bfa00000)
 ParOldGen       total 325632K, used 199005K [0x0000000740000000, 0x0000000753e00000, 0x0000000795580000)
  object space 325632K, 61% used [0x0000000740000000,0x000000074c257650,0x0000000753e00000)
 Metaspace       used 47525K, capacity 50492K, committed 50688K, reserved 1091584K
  class space    used 7395K, capacity 7933K, committed 7936K, reserved 1048576K
GC Heap History (10 events):
Event: 200.320 GC heap before
{Heap before GC invocations=50 (full 5):
 PSYoungGen      total 625152K, used 565973K [0x0000000795580000, 0x00000007bf580000, 0x00000007c0000000)
  eden space 564224K, 99% used [0x0000000795580000,0x00000007b7c2d2a0,0x00000007b7c80000)
  from space 60928K, 3% used [0x00000007bba00000,0x00000007bbc08348,0x00000007bf580000)
  to   space 61952K, 0% used [0x00000007b7c80000,0x00000007b7c80000,0x00000007bb900000)
 ParOldGen       total 325632K, used 198853K [0x0000000740000000, 0x0000000753e00000, 0x0000000795580000)
  object space 325632K, 61% used [0x0000000740000000,0x000000074c231530,0x0000000753e00000)
 Metaspace       used 47410K, capacity 50362K, committed 50432K, reserved 1091584K
  class space    used 7384K, capacity 7932K, committed 7936K, reserved 1048576K
Event: 200.324 GC heap after
Heap after GC invocations=50 (full 5):
 PSYoungGen      total 626176K, used 2239K [0x0000000795580000, 0x00000007bfa00000, 0x00000007c0000000)
  eden space 564224K, 0% used [0x0000000795580000,0x0000000795580000,0x00000007b7c80000)
  from space 61952K, 3% used [0x00000007b7c80000,0x00000007b7eafda8,0x00000007bb900000)
  to   space 58368K, 0% used [0x00000007bc100000,0x00000007bc100000,0x00000007bfa00000)
 ParOldGen       total 325632K, used 198885K [0x0000000740000000, 0x0000000753e00000, 0x0000000795580000)
  object space 325632K, 61% used [0x0000000740000000,0x000000074c239530,0x0000000753e00000)
 Metaspace       used 47410K, capacity 50362K, committed 50432K, reserved 1091584K
  class space    used 7384K, capacity 7932K, committed 7936K, reserved 1048576K
}
Event: 200.374 GC heap before
{Heap before GC invocations=51 (full 5):
 PSYoungGen      total 626176K, used 566328K [0x0000000795580000, 0x00000007bfa00000, 0x00000007c0000000)
  eden space 564224K, 99% used [0x0000000795580000,0x00000007b7c5e4b0,0x00000007b7c80000)
  from space 61952K, 3% used [0x00000007b7c80000,0x00000007b7eafda8,0x00000007bb900000)
  to   space 58368K, 0% used [0x00000007bc100000,0x00000007bc100000,0x00000007bfa00000)
 ParOldGen       total 325632K, used 198885K [0x0000000740000000, 0x0000000753e00000, 0x0000000795580000)
  object space 325632K, 61% used [0x0000000740000000,0x000000074c239530,0x0000000753e00000)
 Metaspace       used 47410K, capacity 50362K, committed 50432K, reserved 1091584K
  class space    used 7384K, capacity 7932K, committed 7936K, reserved 1048576K
Event: 200.378 GC heap after
Heap after GC invocations=51 (full 5):
 PSYoungGen      total 632320K, used 870K [0x0000000795580000, 0x00000007bf580000, 0x00000007c0000000)
  eden space 578560K, 0% used [0x0000000795580000,0x0000000795580000,0x00000007b8a80000)
  from space 53760K, 1% used [0x00000007bc100000,0x00000007bc1d9b30,0x00000007bf580000)
  to   space 54784K, 0% used [0x00000007b8a80000,0x00000007b8a80000,0x00000007bc000000)
 ParOldGen       total 325632K, used 198909K [0x0000000740000000, 0x0000000753e00000, 0x0000000795580000)
  object space 325632K, 61% used [0x0000000740000000,0x000000074c23f530,0x0000000753e00000)
 Metaspace       used 47410K, capacity 50362K, committed 50432K, reserved 1091584K
  class space    used 7384K, capacity 7932K, committed 7936K, reserved 1048576K
}
Event: 200.431 GC heap before
{Heap before GC invocations=52 (full 5):
 PSYoungGen      total 632320K, used 579065K [0x0000000795580000, 0x00000007bf580000, 0x00000007c0000000)
  eden space 578560K, 99% used [0x0000000795580000,0x00000007b8a24a90,0x00000007b8a80000)
  from space 53760K, 1% used [0x00000007bc100000,0x00000007bc1d9b30,0x00000007bf580000)
  to   space 54784K, 0% used [0x00000007b8a80000,0x00000007b8a80000,0x00000007bc000000)
 ParOldGen       total 325632K, used 198909K [0x0000000740000000, 0x0000000753e00000, 0x0000000795580000)
  object space 325632K, 61% used [0x0000000740000000,0x000000074c23f530,0x0000000753e00000)
 Metaspace       used 47410K, capacity 50362K, committed 50432K, reserved 1091584K
  class space    used 7384K, capacity 7932K, committed 7936K, reserved 1048576K
Event: 200.434 GC heap after
Heap after GC invocations=52 (full 5):
 PSYoungGen      total 633344K, used 2591K [0x0000000795580000, 0x00000007bfa00000, 0x00000007c0000000)
  eden space 578560K, 0% used [0x0000000795580000,0x0000000795580000,0x00000007b8a80000)
  from space 54784K, 4% used [0x00000007b8a80000,0x00000007b8d07e48,0x00000007bc000000)
  to   space 51200K, 0% used [0x00000007bc800000,0x00000007bc800000,0x00000007bfa00000)
 ParOldGen       total 325632K, used 198933K [0x0000000740000000, 0x0000000753e00000, 0x0000000795580000)
  object space 325632K, 61% used [0x0000000740000000,0x000000074c245530,0x0000000753e00000)
 Metaspace       used 47410K, capacity 50362K, committed 50432K, reserved 1091584K
  class space    used 7384K, capacity 7932K, committed 7936K, reserved 1048576K
}
Event: 200.487 GC heap before
{Heap before GC invocations=53 (full 5):
 PSYoungGen      total 633344K, used 580723K [0x0000000795580000, 0x00000007bfa00000, 0x00000007c0000000)
  eden space 578560K, 99% used [0x0000000795580000,0x00000007b8a150b0,0x00000007b8a80000)
  from space 54784K, 4% used [0x00000007b8a80000,0x00000007b8d07e48,0x00000007bc000000)
  to   space 51200K, 0% used [0x00000007bc800000,0x00000007bc800000,0x00000007bfa00000)
 ParOldGen       total 325632K, used 198933K [0x0000000740000000, 0x0000000753e00000, 0x0000000795580000)
  object space 325632K, 61% used [0x0000000740000000,0x000000074c245530,0x0000000753e00000)
 Metaspace       used 47410K, capacity 50362K, committed 50432K, reserved 1091584K
  class space    used 7384K, capacity 7932K, committed 7936K, reserved 1048576K
Event: 200.490 GC heap after
Heap after GC invocations=53 (full 5):
 PSYoungGen      total 641536K, used 1011K [0x0000000795580000, 0x00000007bf780000, 0x00000007c0000000)
  eden space 592896K, 0% used [0x0000000795580000,0x0000000795580000,0x00000007b9880000)
  from space 48640K, 2% used [0x00000007bc800000,0x00000007bc8fcef0,0x00000007bf780000)
  to   space 48640K, 0% used [0x00000007b9880000,0x00000007b9880000,0x00000007bc800000)
 ParOldGen       total 325632K, used 198965K [0x0000000740000000, 0x0000000753e00000, 0x0000000795580000)
  object space 325632K, 61% used [0x0000000740000000,0x000000074c24d530,0x0000000753e00000)
 Metaspace       used 47410K, capacity 50362K, committed 50432K, reserved 1091584K
  class space    used 7384K, capacity 7932K, committed 7936K, reserved 1048576K
}
Event: 200.543 GC heap before
{Heap before GC invocations=54 (full 5):
 PSYoungGen      total 641536K, used 593425K [0x0000000795580000, 0x00000007bf780000, 0x00000007c0000000)
  eden space 592896K, 99% used [0x0000000795580000,0x00000007b9807530,0x00000007b9880000)
  from space 48640K, 2% used [0x00000007bc800000,0x00000007bc8fcef0,0x00000007bf780000)
  to   space 48640K, 0% used [0x00000007b9880000,0x00000007b9880000,0x00000007bc800000)
 ParOldGen       total 325632K, used 198965K [0x0000000740000000, 0x0000000753e00000, 0x0000000795580000)
  object space 325632K, 61% used [0x0000000740000000,0x000000074c24d530,0x0000000753e00000)
 Metaspace       used 47410K, capacity 50362K, committed 50432K, reserved 1091584K
  class space    used 7384K, capacity 7932K, committed 7936K, reserved 1048576K
Event: 200.546 GC heap after
Heap after GC invocations=54 (full 5):
 PSYoungGen      total 641536K, used 1030K [0x0000000795580000, 0x00000007bfa00000, 0x00000007c0000000)
  eden space 592896K, 0% used [0x0000000795580000,0x0000000795580000,0x00000007b9880000)
  from space 48640K, 2% used [0x00000007b9880000,0x00000007b9981a50,0x00000007bc800000)
  to   space 45568K, 0% used [0x00000007bcd80000,0x00000007bcd80000,0x00000007bfa00000)
 ParOldGen       total 325632K, used 199005K [0x0000000740000000, 0x0000000753e00000, 0x0000000795580000)
  object space 325632K, 61% used [0x0000000740000000,0x000000074c257650,0x0000000753e00000)
 Metaspace       used 47410K, capacity 50362K, committed 50432K, reserved 1091584K
  class space    used 7384K, capacity 7932K, committed 7936K, reserved 1048576K
}

